<?xml version="1.0" encoding="UTF-8"?>
<!-- Generated by org.testng.reporters.JUnitReportReporter -->
<testsuite hostname="inlen8520015687" failures="0" tests="2" name="com.cg.Ebay.Functionalities.HelpAndContact.HelpAndContactStepDefinition" time="3.354" errors="0" timestamp="2022-05-02T10:32:15 IST" skipped="0">
  <testcase classname="com.cg.Ebay.Functionalities.HelpAndContact.HelpAndContactStepDefinition" name="user_clicks_on_query" time="1.149"/>
  <system-out/>
  <testcase classname="com.cg.Ebay.Functionalities.HelpAndContact.HelpAndContactStepDefinition" name="user_clicks_on_help_contact_button" time="2.205"/>
  <system-out/>
</testsuite> <!-- com.cg.Ebay.Functionalities.HelpAndContact.HelpAndContactStepDefinition -->
