<?xml version="1.0" encoding="UTF-8"?>
<!-- Generated by org.testng.reporters.JUnitReportReporter -->
<testsuite hostname="inlen8520015687" failures="0" tests="1" name="com.cg.Ebay.Functionalities.Buying.BuyingTestRunner" time="54.289" errors="0" timestamp="2022-04-29T22:11:46 IST" skipped="0">
  <testcase classname="com.cg.Ebay.Functionalities.Buying.BuyingTestRunner" name="runScenario" time="54.289"/>
  <system-out/>
</testsuite> <!-- com.cg.Ebay.Functionalities.Buying.BuyingTestRunner -->
