<?xml version="1.0" encoding="UTF-8"?>
<!-- Generated by org.testng.reporters.JUnitReportReporter -->
<testsuite hostname="inlen8520015687" failures="0" tests="1" name="com.cg.Ebay.Functionalities.Registration.RegistrationTestRunner" time="28.942" errors="0" timestamp="2022-04-29T15:30:50 IST" skipped="0">
  <testcase classname="com.cg.Ebay.Functionalities.Registration.RegistrationTestRunner" name="runScenario" time="28.942"/>
  <system-out/>
</testsuite> <!-- com.cg.Ebay.Functionalities.Registration.RegistrationTestRunner -->
