<?xml version="1.0" encoding="UTF-8"?>
<!-- Generated by org.testng.reporters.JUnitReportReporter -->
<testsuite hostname="inlen8520015687" failures="0" tests="1" name="com.cg.Ebay.Functionalities.Buying.BuyingTestRunner" time="50.579" errors="0" timestamp="2022-04-30T22:50:30 IST" skipped="0">
  <testcase classname="com.cg.Ebay.Functionalities.Buying.BuyingTestRunner" name="runScenario" time="50.579"/>
  <system-out/>
</testsuite> <!-- com.cg.Ebay.Functionalities.Buying.BuyingTestRunner -->
