<?xml version="1.0" encoding="UTF-8"?>
<!-- Generated by org.testng.reporters.JUnitReportReporter -->
<testsuite hostname="inlen8520015687" failures="0" tests="1" name="com.cg.Ebay.Functionalities.Login.SigninTestRunner" time="18.101" errors="0" timestamp="2022-05-03T10:37:39 IST" skipped="0">
  <testcase classname="com.cg.Ebay.Functionalities.Login.SigninTestRunner" name="runScenario" time="18.101"/>
  <system-out/>
</testsuite> <!-- com.cg.Ebay.Functionalities.Login.SigninTestRunner -->
