<?xml version="1.0" encoding="UTF-8"?>
<!-- Generated by org.testng.reporters.JUnitReportReporter -->
<testsuite hostname="inlen8520015687" failures="0" tests="1" name="com.cg.Sprint2.Registration.RegistrationTestRunner" time="36.968" errors="0" timestamp="2022-04-25T15:24:25 IST" skipped="0">
  <testcase classname="com.cg.Sprint2.Registration.RegistrationTestRunner" name="runScenario" time="36.968"/>
  <system-out/>
</testsuite> <!-- com.cg.Sprint2.Registration.RegistrationTestRunner -->
