<?xml version="1.0" encoding="UTF-8"?>
<!-- Generated by org.testng.reporters.JUnitReportReporter -->
<testsuite hostname="inlen8520015687" failures="0" tests="1" name="com.cg.Ebay.Functionalities.DailyDeals.DailyDealsTestRunner" time="140.396" errors="0" timestamp="2022-04-28T12:35:30 IST" skipped="0">
  <testcase classname="com.cg.Ebay.Functionalities.DailyDeals.DailyDealsTestRunner" name="runScenario" time="140.396"/>
  <system-out/>
</testsuite> <!-- com.cg.Ebay.Functionalities.DailyDeals.DailyDealsTestRunner -->
