<?xml version="1.0" encoding="UTF-8"?>
<!-- Generated by org.testng.reporters.JUnitReportReporter -->
<testsuite hostname="inlen8520015687" failures="0" tests="1" name="com.cg.Ebay.Functionalities.DailyDeals.DailyDealsStepDefinition" time="7.253" errors="0" timestamp="2022-05-03T10:53:25 IST" skipped="0">
  <testcase classname="com.cg.Ebay.Functionalities.DailyDeals.DailyDealsStepDefinition" name="user_is_on_home_page" time="7.253"/>
  <system-out/>
</testsuite> <!-- com.cg.Ebay.Functionalities.DailyDeals.DailyDealsStepDefinition -->
