<?xml version="1.0" encoding="UTF-8"?>
<!-- Generated by org.testng.reporters.JUnitReportReporter -->
<testsuite hostname="inlen8520015687" failures="0" tests="2" name="com.cg.Ebay.Functionalities.Buying.BuyingStepDefinition" time="0.241" errors="0" timestamp="2022-05-02T11:34:23 IST" skipped="0">
  <testcase classname="com.cg.Ebay.Functionalities.Buying.BuyingStepDefinition" name="user_redirects_to_home_page" time="0.018"/>
  <system-out/>
  <testcase classname="com.cg.Ebay.Functionalities.Buying.BuyingStepDefinition" name="user_is_logged_in" time="0.223"/>
  <system-out/>
</testsuite> <!-- com.cg.Ebay.Functionalities.Buying.BuyingStepDefinition -->
