<?xml version="1.0" encoding="UTF-8"?>
<!-- Generated by org.testng.reporters.JUnitReportReporter -->
<testsuite hostname="inlen8520015687" failures="0" tests="3" name="com.cg.Ebay.Functionalities.HelpAndContact.HelpAndContactStepDefinition" time="31.187" errors="0" timestamp="2022-05-02T11:34:23 IST" skipped="0">
  <testcase classname="com.cg.Ebay.Functionalities.HelpAndContact.HelpAndContactStepDefinition" name="user_is_on_home_page" time="11.498"/>
  <system-out/>
  <testcase classname="com.cg.Ebay.Functionalities.HelpAndContact.HelpAndContactStepDefinition" name="user_clicks_on_help_contact_button" time="16.364"/>
  <system-out/>
  <testcase classname="com.cg.Ebay.Functionalities.HelpAndContact.HelpAndContactStepDefinition" name="user_clicks_on_query" time="3.325"/>
  <system-out/>
</testsuite> <!-- com.cg.Ebay.Functionalities.HelpAndContact.HelpAndContactStepDefinition -->
