<?xml version="1.0" encoding="UTF-8"?>
<!-- Generated by org.testng.reporters.JUnitReportReporter -->
<testsuite hostname="inlen8520015687" failures="0" tests="1" name="com.cg.Ebay.Functionalities.Login.SigninStepDefinition" time="6.470" errors="0" timestamp="2022-05-03T10:53:25 IST" skipped="0">
  <testcase classname="com.cg.Ebay.Functionalities.Login.SigninStepDefinition" name="user_is_on_login_page" time="6.470"/>
  <system-out/>
</testsuite> <!-- com.cg.Ebay.Functionalities.Login.SigninStepDefinition -->
