<?xml version="1.0" encoding="UTF-8"?>
<!-- Generated by org.testng.reporters.JUnitReportReporter -->
<testsuite hostname="inlen8520015687" failures="0" tests="2" name="com.cg.Ebay.Functionalities.Selling.SellingStepDefinition" time="6.149" errors="0" timestamp="2022-05-03T10:53:25 IST" skipped="0">
  <testcase classname="com.cg.Ebay.Functionalities.Selling.SellingStepDefinition" name="user_is_on_login" time="6.087"/>
  <system-out/>
  <testcase classname="com.cg.Ebay.Functionalities.Selling.SellingStepDefinition" name="user_is_signed_in" time="0.062"/>
  <system-out/>
</testsuite> <!-- com.cg.Ebay.Functionalities.Selling.SellingStepDefinition -->
