<?xml version="1.0" encoding="UTF-8"?>
<!-- Generated by org.testng.reporters.JUnitReportReporter -->
<testsuite hostname="inlen8520015687" failures="0" tests="1" name="com.cg.Ebay.Functionalities.DailyDeals.DailyDealsStepDefinition" time="11.422" errors="0" timestamp="2022-05-02T11:34:23 IST" skipped="0">
  <testcase classname="com.cg.Ebay.Functionalities.DailyDeals.DailyDealsStepDefinition" name="user_is_on_home_page" time="11.422"/>
  <system-out/>
</testsuite> <!-- com.cg.Ebay.Functionalities.DailyDeals.DailyDealsStepDefinition -->
