<?xml version="1.0" encoding="UTF-8"?>
<!-- Generated by org.testng.reporters.JUnitReportReporter -->
<testsuite hostname="inlen8520015687" failures="0" tests="3" name="com.cg.Ebay.Functionalities.HelpAndContact.HelpAndContactStepDefinition" time="12.409" errors="0" timestamp="2022-05-03T10:53:25 IST" skipped="0">
  <testcase classname="com.cg.Ebay.Functionalities.HelpAndContact.HelpAndContactStepDefinition" name="user_clicks_on_help_contact_button" time="3.898"/>
  <system-out/>
  <testcase classname="com.cg.Ebay.Functionalities.HelpAndContact.HelpAndContactStepDefinition" name="user_is_on_home" time="6.340"/>
  <system-out/>
  <testcase classname="com.cg.Ebay.Functionalities.HelpAndContact.HelpAndContactStepDefinition" name="user_clicks_on_query" time="2.171"/>
  <system-out/>
</testsuite> <!-- com.cg.Ebay.Functionalities.HelpAndContact.HelpAndContactStepDefinition -->
